<?xml version="1.0" encoding="UTF-8"?>
<!-- Generated by org.testng.reporters.JUnitXMLReporter -->
<testsuite ignored="0" hostname="DESKTOP-61VG6O9" failures="0" tests="3" name="Default test" time="36.303" errors="0" timestamp="2022-11-19T15:57:33 EET">
  <testcase classname="testNG.Login" name="test_Title" time="2.803"/>
  <testcase classname="testNG.Login" name="tet_ExitingUserName" time="0.02"/>
  <testcase classname="testNG.Login" name="tet_LogutProcess" time="0.01"/>
</testsuite> <!-- Default test -->
