<?xml version="1.0" encoding="UTF-8"?>
<testng-results ignored="0" total="3" passed="3" failed="0" skipped="0">
  <reporter-output>
  </reporter-output>
  <suite started-at="2022-11-19T15:56:57 EET" name="Default suite" finished-at="2022-11-19T15:57:33 EET" duration-ms="36303">
    <groups>
      <group name="family">
        <method signature="Login.test_Title()[pri:0, instance:testNG.Login@f78a47e]" name="test_Title" class="testNG.Login"/>
        <method signature="Login.tet_LogutProcess()[pri:0, instance:testNG.Login@f78a47e]" name="tet_LogutProcess" class="testNG.Login"/>
      </group> <!-- family -->
    </groups>
    <test started-at="2022-11-19T15:56:57 EET" name="Default test" finished-at="2022-11-19T15:57:33 EET" duration-ms="36303">
      <class name="testNG.Login">
        <test-method is-config="true" signature="login()[pri:0, instance:testNG.Login@f78a47e]" started-at="2022-11-19T15:56:57 EET" name="login" finished-at="2022-11-19T15:57:29 EET" duration-ms="32869" status="PASS">
          <reporter-output>
          </reporter-output>
        </test-method> <!-- login -->
        <test-method signature="test_Title()[pri:0, instance:testNG.Login@f78a47e]" started-at="2022-11-19T15:57:30 EET" name="test_Title" finished-at="2022-11-19T15:57:33 EET" duration-ms="2803" status="PASS">
          <reporter-output>
          </reporter-output>
        </test-method> <!-- test_Title -->
        <test-method signature="tet_ExitingUserName()[pri:0, instance:testNG.Login@f78a47e]" started-at="2022-11-19T15:57:33 EET" name="tet_ExitingUserName" finished-at="2022-11-19T15:57:33 EET" duration-ms="20" status="PASS">
          <reporter-output>
          </reporter-output>
        </test-method> <!-- tet_ExitingUserName -->
        <test-method signature="tet_LogutProcess()[pri:0, instance:testNG.Login@f78a47e]" started-at="2022-11-19T15:57:33 EET" name="tet_LogutProcess" finished-at="2022-11-19T15:57:33 EET" duration-ms="10" status="PASS">
          <reporter-output>
          </reporter-output>
        </test-method> <!-- tet_LogutProcess -->
      </class> <!-- testNG.Login -->
    </test> <!-- Default test -->
  </suite> <!-- Default suite -->
</testng-results>
