<?xml version="1.0" encoding="UTF-8"?>
<!-- Generated by org.testng.reporters.JUnitXMLReporter -->
<testsuite ignored="3" hostname="DESKTOP-61VG6O9" failures="0" tests="0" time="0.131" errors="0" timestamp="2022-11-19T13:41:18 EET">
  <testcase classname="testNG.Login" name="tet_LogutProcess" time="0.0">
    <ignored/>
  </testcase> <!-- tet_LogutProcess -->
  <testcase classname="testNG.Login" name="test_Title" time="0.0">
    <ignored/>
  </testcase> <!-- test_Title -->
  <testcase classname="testNG.Login" name="tet_ExitingUserName" time="0.0">
    <ignored/>
  </testcase> <!-- tet_ExitingUserName -->
</testsuite>
